[aura.org.nz/index.html]
[backblue.gif]
[fade.gif]
[index.html]
[s.w.org/index.html]
[aura.org.nz/feed/index.html]
[c0.wp.com/c/5.3.14/wp-includes/css/dist/block-library/style.min.css]
[aura.org.nz/comments/feed/index.html]
[c0.wp.com/c/5.3.14/wp-includes/css/dist/block-library/theme.min.css]
[aura.org.nz/sample-page/feed/index.html]
[c0.wp.com/c/5.3.14/wp-includes/css/dashicons.min.css]
[c0.wp.com/p/jetpack/8.3.1/css/jetpack.css]
[c0.wp.com/c/5.3.14/wp-includes/js/jquery/jquery.js]
[c0.wp.com/c/5.3.14/wp-includes/js/jquery/jquery-migrate.min.js]
[aura.org.nz/wp-json/index.html]
[aura.org.nz/wp-json/oembed/1.0/embed99fd.json]
[aura.org.nz/wp-json/oembed/1.0/embed0771]
[aura.org.nz/wp-content/themes/pro/cornerstone/assets/dist/fonts/fa-solid-900.woff2]
[aura.org.nz/wp-content/themes/pro/cornerstone/assets/dist/fonts/fa-solid-900.woff]
[aura.org.nz/wp-content/themes/pro/cornerstone/assets/dist/fonts/fa-solid-900.ttf]
[aura.org.nz/wp-content/themes/pro/cornerstone/assets/dist/fonts/fa-regular-400.woff2]
[aura.org.nz/wp-content/themes/pro/cornerstone/assets/dist/fonts/fa-regular-400.woff]
[aura.org.nz/wp-content/themes/pro/cornerstone/assets/dist/fonts/fa-regular-400.ttf]
[aura.org.nz/wp-content/themes/pro/cornerstone/assets/dist/fonts/fa-light-300.woff2]
[aura.org.nz/wp-content/themes/pro/cornerstone/assets/dist/fonts/fa-light-300.woff]
[aura.org.nz/wp-content/themes/pro/cornerstone/assets/dist/fonts/fa-light-300.ttf]
[aura.org.nz/wp-content/themes/pro/cornerstone/assets/dist/fonts/fa-brands-400.woff2]
[aura.org.nz/wp-content/themes/pro/cornerstone/assets/dist/fonts/fa-brands-400.woff]
[aura.org.nz/wp-content/themes/pro/cornerstone/assets/dist/fonts/fa-brands-400.ttf]
[aura.org.nz/club-info/index.html]
[aura.org.nz/wp-content/uploads/2020/03/AURA-Logo.png]
[aura.org.nz/what-we-do/index.html]
[aura.org.nz/documentation/index.html]
[aura.org.nz/wp-content/themes/pro/cornerstone/assets/dist/js/site/cs.fa34ec9.js]
[aura.org.nz/vex/index.html]
[aura.org.nz/blog/index.html]
[aura.org.nz/wp-content/themes/pro/framework/dist/js/site/x0226.js]
[aura.org.nz/sponsors/index.html]
[c0.wp.com/c/5.3.14/wp-includes/js/comment-reply.min.js]
[c0.wp.com/p/jetpack/8.3.1/_inc/build/lazy-images/js/lazy-images.min.js]
[aura.org.nz/contact/index.html]
[aura.org.nz/signup/index.html]
[c0.wp.com/c/5.3.14/wp-includes/js/jquery/ui/effect.min.js]
[aura.org.nz/wp-content/plugins/the-grid/frontend/assets/js/the-grid.minde39.js]
[c0.wp.com/c/5.3.14/wp-includes/js/wp-embed.min.js]
[aura.org.nz/introductory-workshop-slides-2022/index.html]
[cdnjs.cloudflare.com/ajax/libs/mathjax/2.7.5/MathJax1c71.js]
[aura.org.nz/were-upping-our-social-media-presence/index.html]
[aura.org.nz/combat-robotics-2021/index.html]
[aura.org.nz/index.html]
[aura.org.nz/xmlrpc.php]
[s.w.org/index.html]
[c0.wp.com/c/5.3.14/wp-includes/css/dist/block-library/style.min.css]
[c0.wp.com/c/5.3.14/wp-includes/css/dist/block-library/theme.min.css]
[aura.org.nz/wp-content/plugins/content-protector/assets/public/passster.mindc98.css]
[aura.org.nz/wp-content/plugins/simple-embed-code/css/video-container.min8217.css]
[c0.wp.com/c/5.3.14/wp-includes/css/dashicons.min.css]
[stats.wp.com/e-202309.js]
[aura.org.nz/wp-content/themes/pro/framework/img/global/btn-circle-top-small.png]
[aura.org.nz/wp-content/themes/pro/framework/img/global/btn-circle-bottom-small.png]
[aura.org.nz/wp-content/themes/pro/framework/img/global/ilightbox-preloader-light.gif]
[aura.org.nz/wp-content/themes/pro/framework/img/global/ilightbox-thumb-overlay-play-light.png]
[aura.org.nz/wp-content/themes/pro/framework/dist/css/site/stacks/ethos0226.css]
[aura.org.nz/wp-content/themes/pro-child/style0226.css]
[aura.org.nz/wp-content/plugins/the-grid/frontend/assets/fonts/the_grid.eot]
[aura.org.nz/wp-content/plugins/the-grid/frontend/assets/fonts/the_grid.ttf]
[aura.org.nz/wp-content/plugins/the-grid/frontend/assets/fonts/the_grid.woff]
[aura.org.nz/wp-content/plugins/the-grid/frontend/assets/css/the-grid.minde39.css]
[c0.wp.com/p/jetpack/8.3.1/modules/carousel/images/arrows.png]
[c0.wp.com/p/jetpack/8.3.1/modules/carousel/images/arrows-2x.png]
[c0.wp.com/p/jetpack/8.3.1/modules/carousel/images/carousel-spritee4da.png]
[c0.wp.com/p/jetpack/8.3.1/modules/carousel/images/carousel-sprite-2xe4da.png]
[c0.wp.com/p/jetpack/8.3.1/modules/shortcodes/img/slideshow-controls.png]
[c0.wp.com/p/jetpack/8.3.1/modules/shortcodes/img/slideshow-controls-2x.png]
[c0.wp.com/p/jetpack/8.3.1/modules/shortcodes/images/slide-nav.png]
[c0.wp.com/p/jetpack/8.3.1/modules/shortcodes/images/expand.png]
[c0.wp.com/p/jetpack/8.3.1/modules/shortcodes/images/collapse.png]
[secure.gravatar.com/images/grav-share-sprite.png]
[c0.wp.com/p/jetpack/8.3.1/css/jetpack.css]
[aura.org.nz/indexba53.html]
[c0.wp.com/index.html]
[aura.org.nz/wp-content/uploads/2020/02/FAVICON.svg]
[fonts.googleapis.com/css14f3.css]
[aura.org.nz/wp-content/uploads/2020/02/Small-Logo.svg]
[aura.org.nz/wp-json/oembed/1.0/embed3c12.json]
[aura.org.nz/wp-json/oembed/1.0/embed6997]
[aura.org.nz/club-info/index.html]
[aura.org.nz/wp-json/oembed/1.0/embed5b59.json]
[aura.org.nz/wp-json/oembed/1.0/embed1c07]
[aura.org.nz/what-we-do/aura.org.nz/contact]
[aura.org.nz/what-we-do/index.html]
[aura.org.nz/wp-json/oembed/1.0/embedafb2.json]
[aura.org.nz/wp-json/oembed/1.0/embed078b]
[aura.org.nz/documentation/index.html]
[aura.org.nz/wp-json/oembed/1.0/embed545d.json]
[aura.org.nz/wp-json/oembed/1.0/embedb61f]
[aura.org.nz/vex/index.html]
[aura.org.nz/wp-content/uploads/2020/03/2020-Workshop-1.png]
[aura.org.nz/aura-workshops-2020/index.html]
[aura.org.nz/blog/page/2/index.html]
[aura.org.nz/workshops-2021/index.html]
[aura.org.nz/2018-mini-robot-rumble/index.html]
[aura.org.nz/wp-content/uploads/2018/07/July_MRR_Fight_Photo-scaled.jpg]
[aura.org.nz/blog/index.html]
[aura.org.nz/2018-new-zealand-vex-robotics-national-championship/index.html]
[aura.org.nz/2017-asia-pacific-robotics-championship/index.html]
[aura.org.nz/mini-robot-rumble-2017/index.html]
[aura.org.nz/vex-u-world-championships-2017/index.html]
[aura.org.nz/blog/page/3/index.html]
[aura.org.nz/blog/page/11/index.html]
[aura.org.nz/wp-json/oembed/1.0/embed03c0.json]
[aura.org.nz/wp-json/oembed/1.0/embede246]
[aura.org.nz/wp-content/uploads/2022/03/uoa_engineering_image.jpg]
[cdn.fing.io/images/isp/NZ/logo/vodafone_logo.png]
[aura.org.nz/wp-content/uploads/2022/03/motion-design-logo-1.png]
[aura.org.nz/sponsors/index.html]
[aura.org.nz/wp-json/oembed/1.0/embedb7fb.json]
[aura.org.nz/wp-json/oembed/1.0/embed5099]
[c0.wp.com/c/5.3.14/wp-includes/js/underscore.min.js]
[c0.wp.com/c/5.3.14/wp-includes/js/backbone.min.js]
[aura.org.nz/wp-content/plugins/ninja-forms/assets/js/min/front-end-deps2334.js]
[www.google.com/recaptcha/api0dca.js]
[aura.org.nz/wp-content/plugins/ninja-forms/assets/js/min/front-end2334.js]
[aura.org.nz/contact/index.html]
[aura.org.nz/wp-json/oembed/1.0/embed67e3.json]
[aura.org.nz/wp-json/oembed/1.0/embed124e]
[aura.org.nz/signup/index.html]
[aura.org.nz/introductory-workshop-slides-2022/feed/index.html]
[aura.org.nz/wp-json/oembed/1.0/embed0362.json]
[aura.org.nz/wp-json/oembed/1.0/embed2079]
[aura.org.nz/wp-content/plugins/akismet/_inc/forma352.js]
[aura.org.nz/introductory-workshop-slides-2022/index.html]
[aura.org.nz/2022/03/index.html]
[aura.org.nz/2022/02/index.html]
[aura.org.nz/2021/05/index.html]
[aura.org.nz/wp-json/oembed/1.0/embed9756.json]
[aura.org.nz/2020/03/index.html]
[aura.org.nz/2021/03/index.html]
[aura.org.nz/2018/07/index.html]
[aura.org.nz/2018/03/index.html]
[aura.org.nz/2017/12/index.html]
[aura.org.nz/wp-json/oembed/1.0/embedd5de]
[aura.org.nz/were-upping-our-social-media-presence/index.html]
[aura.org.nz/2017/08/index.html]
[aura.org.nz/2017/07/index.html]
[aura.org.nz/2017/02/index.html]
[aura.org.nz/2016/06/index.html]
[aura.org.nz/2015/06/index.html]
[aura.org.nz/2015/07/index.html]
[aura.org.nz/2015/05/index.html]
[aura.org.nz/2015/04/index.html]
[aura.org.nz/2015/03/index.html]
[aura.org.nz/2015/01/index.html]
[aura.org.nz/2014/07/index.html]
[aura.org.nz/wp-json/oembed/1.0/embed8332.json]
[aura.org.nz/2013/05/index.html]
[aura.org.nz/2014/06/index.html]
[aura.org.nz/2014/05/index.html]
[aura.org.nz/2013/01/index.html]
[aura.org.nz/2013/03/index.html]
[aura.org.nz/wp-json/oembed/1.0/embedc09f]
[aura.org.nz/combat-robotics-2021/index.html]
[aura.org.nz/2012/11/index.html]
[aura.org.nz/2012/09/index.html]
[aura.org.nz/wp-content/plugins/the-grid/frontend/assets/fonts/the_grid.svg]
[aura.org.nz/2012/12/index.html]
[aura.org.nz/2012/08/index.html]
[aura.org.nz/index15d8.html]
[aura.org.nz/2012/06/index.html]
[aura.org.nz/2012/07/index.html]
[aura.org.nz/indexe5f3.html]
[aura.org.nz/2012/05/index.html]
[aura.org.nz/2012/04/index.html]
[aura.org.nz/what-we-do/aura.org.nz/contact.html]
[aura.org.nz/2012/02/index.html]
[aura.org.nz/index5233.html]
[aura.org.nz/2011/12/index.html]
[aura.org.nz/2011/11/index.html]
[aura.org.nz/2012/03/index.html]
[aura.org.nz/indexa5dd.html]
[aura.org.nz/2011/09/index.html]
[aura.org.nz/2011/10/index.html]
[aura.org.nz/2011/07/index.html]
[aura.org.nz/2011/03/index.html]
[aura.org.nz/2011/05/index.html]
[aura.org.nz/2011/04/index.html]
[c0.wp.com/p/jetpack/8.3.1/_inc/build/spin.min.js]
[aura.org.nz/2011/02/index.html]
[aura.org.nz/2011/01/index.html]
[aura.org.nz/2010/12/index.html]
[c0.wp.com/p/jetpack/8.3.1/_inc/build/jquery.spin.min.js]
[aura.org.nz/were-upping-our-social-media-presence/feed/index.html]
[aura.org.nz/blog/page/2/index.html]
[aura.org.nz/2010/11/index.html]
[c0.wp.com/p/jetpack/8.3.1/_inc/build/carousel/jetpack-carousel.min.js]
[aura.org.nz/combat-robotics-2021/feed/index.html]
[aura.org.nz/vex-2017-nationals/index.html]
[aura.org.nz/battlebots-2016-application/index.html]
[aura.org.nz/robogals-aura-joint-workshop/index.html]
[aura.org.nz/wp-json/oembed/1.0/embed2868.json]
[aura.org.nz/auckland-kiwi-challenge-season-missile-mania-concludes/index.html]
[aura.org.nz/nothing-but-net-ball-trajectory-equations-with-air-resistance/index.html]
[aura.org.nz/auras-2015-design-notebooks/index.html]
[aura.org.nz/wp-json/oembed/1.0/embed9712]
[aura.org.nz/workshops-2021/index.html]
[aura.org.nz/aura-returns-triumphant-from-louisville/index.html]
[aura.org.nz/auras-trip-to-worlds-in-kentucky/index.html]
[aura.org.nz/auras-2015-vex-u-reveal-video/index.html]
[aura.org.nz/how-to-do-a-good-turn/index.html]
[aura.org.nz/workshops-2021/feed/index.html]
[aura.org.nz/aura-workshops-2020/feed/index.html]
[aura.org.nz/wp-json/oembed/1.0/embed6c9e.json]
[aura.org.nz/wp-json/oembed/1.0/embed4d15]
[aura.org.nz/wp-content/uploads/2020/03/2020-Workshop-1-888x296.png]
[aura.org.nz/wp-content/uploads/2020/03/workshop-1.pdf]
[aura.org.nz/wp-content/uploads/2020/03/workshop-2.pdf]
[aura.org.nz/aura-workshops-2020/index.html]
[aura.org.nz/2018-mini-robot-rumble/feed/index.html]
[aura.org.nz/wp-json/oembed/1.0/embedf4cc.json]
[aura.org.nz/wp-json/oembed/1.0/embed7d3f]
[aura.org.nz/wp-content/uploads/2018/07/July_MRR_Fight_Photo-865x577.jpg]
[aura.org.nz/2018-mini-robot-rumble/index.html]
[aura.org.nz/2018-new-zealand-vex-robotics-national-championship/feed/index.html]
[aura.org.nz/wp-json/oembed/1.0/embed7484.json]
[aura.org.nz/wp-json/oembed/1.0/embed8cd4]
[aura.org.nz/2018-new-zealand-vex-robotics-national-championship/index.html]
[aura.org.nz/wp-json/oembed/1.0/embed526d.json]
[aura.org.nz/2017-asia-pacific-robotics-championship/feed/index.html]
[aura.org.nz/wp-json/oembed/1.0/embed8fe8]
[aura.org.nz/2017-asia-pacific-robotics-championship/index.html]
[c1.staticflickr.com/5/4298/35145329643_93d39896e5_b.jpg]
[aura.org.nz/mini-robot-rumble-2017/feed/index.html]
[aura.org.nz/wp-json/oembed/1.0/embed2508.json]
[aura.org.nz/wp-json/oembed/1.0/embed2d14]
[aura.org.nz/mini-robot-rumble-2017/index.html]
[aura.org.nz/vex-u-world-championships-2017/feed/index.html]
[aura.org.nz/wp-json/oembed/1.0/embedb735.json]
[aura.org.nz/wp-json/oembed/1.0/embeda94f]
[aura.org.nz/vex-u-world-championships-2017/index.html]
[aura.org.nz/blog/page/3/index.html]
[aura.org.nz/blog/page/11/index.html]
[aura.org.nz/blog/page/4/index.html]
[aura.org.nz/worlds-timetable-for-spectators-in-nz/index.html]
[aura.org.nz/auras-2015-educational-video-contest-submission/index.html]
[aura.org.nz/index09b5.html]
[aura.org.nz/second-auckland-ladder-scrimmage-5-july/index.html]
[aura.org.nz/first-auckland-ladder-scrimmage/index.html]
[www.theiet.org/media/2563/untitled-7.html]
[aura.org.nz/kiwi-challenge-auckland-regionals/index.html]
[aura.org.nz/index17f9.html]
[aura.org.nz/aura-vs-aut-newbie-challenge/index.html]
[aura.org.nz/kiwi-challenge-scrimmage-at-kristin-school/index.html]
[aura.org.nz/kiwi-challenge-scrimmage-at-long-bay-college/index.html]
[aura.org.nz/toss-up-worlds-viewing/index.html]
[aura.org.nz/wp-content/plugins/ninja-forms/assets/img/help-info.png]
[aura.org.nz/wp-content/plugins/ninja-forms/assets/css/display-opinions-light8217.css]
[aura.org.nz/aura-featured-in-craccum/index.html]
[aura.org.nz/blog/page/10/index.html]
[aura.org.nz/close-up-bravo-v1-0/index.html]
[aura.org.nz/wp-content/plugins/ninja-forms/assets/fonts/fontawesome-webfont3295.eot]
[aura.org.nz/team-update/index.html]
[aura.org.nz/wp-content/plugins/ninja-forms/assets/fonts/fontawesome-webfontd41d.eot]
[aura.org.nz/end-of-january-update/index.html]
[aura.org.nz/wp-content/plugins/ninja-forms/assets/fonts/fontawesome-webfont3295.woff2]
[aura.org.nz/build-session-photos/index.html]
[aura.org.nz/wp-content/plugins/ninja-forms/assets/fonts/fontawesome-webfont3295.woff]
[aura.org.nz/kristin-invitational-112010-results/index.html]
[aura.org.nz/wp-content/plugins/ninja-forms/assets/fonts/fontawesome-webfont3295.ttf]
[aura.org.nz/competitive-position-report/index.html]
[aura.org.nz/wp-content/plugins/ninja-forms/assets/css/font-awesome.min8217.css]
[aura.org.nz/upper-north-island-regionals/index.html]
[aura.org.nz/index2257.html]
[aura.org.nz/kristin-invitational-scrimmage/index.html]
[aura.org.nz/index16bf.html]
[aura.org.nz/2022/03/index.html]
[aura.org.nz/2022/02/index.html]
[aura.org.nz/2021/05/index.html]
[aura.org.nz/2021/03/index.html]
[aura.org.nz/2020/03/index.html]
[aura.org.nz/2018/07/index.html]
[aura.org.nz/2018/03/index.html]
[aura.org.nz/2017/12/index.html]
[aura.org.nz/2017/08/index.html]
[aura.org.nz/2017/07/index.html]
[aura.org.nz/2017/02/index.html]
[aura.org.nz/2016/06/index.html]
[aura.org.nz/2015/07/index.html]
[aura.org.nz/2015/06/index.html]
[aura.org.nz/2015/05/index.html]
[aura.org.nz/2015/04/index.html]
[aura.org.nz/2015/03/index.html]
[aura.org.nz/2015/01/index.html]
[aura.org.nz/2014/07/index.html]
[aura.org.nz/2014/06/index.html]
[aura.org.nz/2014/05/index.html]
[aura.org.nz/2013/05/index.html]
[aura.org.nz/2013/03/index.html]
[aura.org.nz/blog/page/9/index.html]
[aura.org.nz/2013/01/index.html]
[aura.org.nz/2012/12/index.html]
[aura.org.nz/nz-nationals-2013/index.html]
[aura.org.nz/2012/11/index.html]
[aura.org.nz/chairpersons-report-2012-agm/index.html]
[aura.org.nz/first-lego-league-fll-nationals-2012/index.html]
[aura.org.nz/head-referees-feedback-from-asia-pacific-2012/index.html]
[aura.org.nz/2012/09/index.html]
[aura.org.nz/smc-pneumatics-college-scrimmage-dec-2012/index.html]
[aura.org.nz/robonz-nov-2012/index.html]
[aura.org.nz/2012/08/index.html]
[aura.org.nz/big-boys-toys-scrimmages/index.html]
[aura.org.nz/2012/07/index.html]
[aura.org.nz/first-tech-challenge-ftc-pilot/index.html]
[aura.org.nz/august-sack-attack-scrimmage/index.html]
[aura.org.nz/2012/06/index.html]
[aura.org.nz/aura-quiz-night-fundraiser/index.html]
[aura.org.nz/july-sack-attack-scrimmage/index.html]
[aura.org.nz/rookie-workshops/index.html]
[aura.org.nz/2012/05/index.html]
[aura.org.nz/june-2012-first-lego-league-fll/index.html]
[aura.org.nz/workshop-information-at-university-of-auckland/index.html]
[aura.org.nz/june-sack-attack-scrimmage/index.html]
[aura.org.nz/2012/04/index.html]
[aura.org.nz/aura-workshops-2/index.html]
[aura.org.nz/shifting-x-drive/index.html]
[aura.org.nz/why-is-x-drive-faster/index.html]
[aura.org.nz/2012/03/index.html]
[aura.org.nz/world-champs-press-release/index.html]
[aura.org.nz/a-wild-double-cheese-appears/index.html]
[aura.org.nz/a-wild-dragon-appears/index.html]
[aura.org.nz/2012/02/index.html]
[aura.org.nz/a-wild-woodpecker-appears/index.html]
[aura.org.nz/a-wild-quetzalcoatlus-appears/index.html]
[aura.org.nz/world-champs-results/index.html]
[aura.org.nz/2011/12/index.html]
[aura.org.nz/vexforum-nametag-generator/index.html]
[aura.org.nz/java-cad/index.html]
[aura.org.nz/nz-nationals-final-day/index.html]
[aura.org.nz/2011/11/index.html]
[aura.org.nz/nz-nationals-day-one/index.html]
[aura.org.nz/autodesk-inventor-digital-prototyping-challenge-winners/index.html]
[aura.org.nz/uoa-engineering-orientation/index.html]
[aura.org.nz/2011/10/index.html]
[aura.org.nz/pinehurst-sports-expo/index.html]
[aura.org.nz/december-aura-scrimmage/index.html]
[aura.org.nz/first-lego-league-fll/index.html]
[aura.org.nz/2011/09/index.html]
[aura.org.nz/android-gateway-scoring-app/index.html]
[aura.org.nz/chairpersons-report-2011-agm/index.html]
[aura.org.nz/2011/10/page/2/index.html]
[aura.org.nz/2011/07/index.html]
[aura.org.nz/chain-lift/index.html]
[aura.org.nz/introduction-to-python/index.html]
[aura.org.nz/introduction-to-skillbot/index.html]
[aura.org.nz/2011/05/index.html]
[aura.org.nz/introduction-to-arthritis/index.html]
[aura.org.nz/introduction-to-matlab/index.html]
[aura.org.nz/introduction-to-assembly/index.html]
[aura.org.nz/2011/04/index.html]
[aura.org.nz/photos-from-the-robot-world-cup/index.html]
[aura.org.nz/introduction-to-java/index.html]
[aura.org.nz/robot-world-cup-final-day/index.html]
[aura.org.nz/2011/03/index.html]
[aura.org.nz/september-rosmini-gateway-scrimmage/index.html]
[aura.org.nz/aura-quiz-glenfield-college/index.html]
[aura.org.nz/first-gateway-scrimmage-2011/index.html]
[aura.org.nz/2011/02/index.html]
[aura.org.nz/six-bar-linkages/index.html]
[aura.org.nz/conclusion-of-aura-workshops/index.html]
[aura.org.nz/fush-and-chups/index.html]
[aura.org.nz/2011/01/index.html]
[aura.org.nz/aura-workshops/index.html]
[aura.org.nz/clips-from-world-championships/index.html]
[aura.org.nz/public-media-coverage/index.html]
[aura.org.nz/2010/12/index.html]
[aura.org.nz/world-championships-final-update/index.html]
[aura.org.nz/world-championships-day-two/index.html]
[aura.org.nz/world-championships-first-day-update/index.html]
[aura.org.nz/2010/11/index.html]
[aura.org.nz/getting-ready-for-worlds/index.html]
[aura.org.nz/2011-worlds-re-reveal/index.html]
[aura.org.nz/worlds-reveal-3/index.html]
[aura.org.nz/indexb904.html]
[aura.org.nz/new-zealand-nationals/index.html]
[aura.org.nz/strategydesign-session/index.html]
[aura.org.nz/bravo-and-zulu-update/index.html]
[aura.org.nz/index3c05.html]
[aura.org.nz/2nd-kristin-invitational-scrimmage/index.html]
[aura.org.nz/testbot/index.html]
[aura.org.nz/computer-aided-design/index.html]
[aura.org.nz/meeting-minutes-archive/index.html]
[aura.org.nz/rotary-science-forum/index.html]
[aura.org.nz/vex-2017-nationals/feed/index.html]
[aura.org.nz/wp-json/oembed/1.0/embed9d16.json]
[aura.org.nz/wp-json/oembed/1.0/embedabef]
[aura.org.nz/vex-2017-nationals/index.html]
[i.imgur.com/rrfIEWY.jpg]
[aura.org.nz/battlebots-2016-application/feed/index.html]
[aura.org.nz/wp-json/oembed/1.0/embeded21.json]
[aura.org.nz/wp-json/oembed/1.0/embed5530]
[i.imgur.com/H02C2YW.jpg]
[i.imgur.com/UOtVivW.jpg]
[i.imgur.com/MSuygvY.jpg]
[www.aura.org.nz/wp-content/uploads/1.-Mangō-top-view.pdf]
[www.aura.org.nz/wp-content/uploads/topimg.png]
[www.aura.org.nz/wp-content/uploads/2.-Mangō-weapon-mechanism.pdf]
[www.aura.org.nz/wp-content/uploads/wepimg.png]
[www.aura.org.nz/wp-content/uploads/3.-Mangō-electrical-components.pdf]
[www.aura.org.nz/wp-content/uploads/elecimg.png]
[aura.org.nz/battlebots-2016-application/index.html]
[www.aura.org.nz/wp-content/uploads/11187330_911663502224325_2560076415667786327_o-1024x768.jpg]
[aura.org.nz/robogals-aura-joint-workshop/feed/index.html]
[aura.org.nz/wp-json/oembed/1.0/embed49f9.json]
[aura.org.nz/wp-json/oembed/1.0/embedf877]
[www.aura.org.nz/wp-content/uploads/11187330_911663502224325_2560076415667786327_o.jpg]
[aura.org.nz/robogals-aura-joint-workshop/index.html]
[aura.org.nz/auckland-kiwi-challenge-season-missile-mania-concludes/feed/index.html]
[aura.org.nz/wp-json/oembed/1.0/embed54e8.json]
[aura.org.nz/wp-json/oembed/1.0/embed107e]
[aura.org.nz/auckland-kiwi-challenge-season-missile-mania-concludes/index.html]
[aura.org.nz/nothing-but-net-ball-trajectory-equations-with-air-resistance/feed/index.html]
[aura.org.nz/wp-json/oembed/1.0/embedc638.json]
[aura.org.nz/wp-json/oembed/1.0/embed26b4]
[aura.org.nz/nothing-but-net-ball-trajectory-equations-with-air-resistance/index.html]
[aura.org.nz/auras-2015-design-notebooks/feed/index.html]
[aura.org.nz/wp-json/oembed/1.0/embedb641.json]
[aura.org.nz/wp-json/oembed/1.0/embedbd52]
[www.aura.org.nz/wp-content/uploads/2015AuraNotebook.pdf]
[aura.org.nz/auras-2015-design-notebooks/index.html]
[www.aura.org.nz/wp-content/uploads/17045629297_b90c068a0c_o-1024x682.jpg]
[aura.org.nz/aura-returns-triumphant-from-louisville/feed/index.html]
[aura.org.nz/wp-json/oembed/1.0/embed5d33.json]
[aura.org.nz/wp-json/oembed/1.0/embed1cf1]
[www.aura.org.nz/wp-content/uploads/17045629297_b90c068a0c_o.jpg]
[www.aura.org.nz/wp-content/uploads/17031942917_ebb75e57b2_o.jpg]
[www.aura.org.nz/wp-content/uploads/17031942917_ebb75e57b2_o-1024x682.jpg]
[www.aura.org.nz/wp-content/uploads/17106624857_aab35e9bc8_o.jpg]
[www.aura.org.nz/wp-content/uploads/17106624857_aab35e9bc8_o-682x1024.jpg]
[aura.org.nz/aura-returns-triumphant-from-louisville/index.html]
[www.aura.org.nz/wp-content/uploads/20150416_1846060-1024x576.jpg]
[aura.org.nz/auras-trip-to-worlds-in-kentucky/feed/index.html]
[aura.org.nz/wp-json/oembed/1.0/embed5dee.json]
[aura.org.nz/wp-json/oembed/1.0/embedadba]
[www.aura.org.nz/wp-content/uploads/20150416_1846060.jpg]
[www.aura.org.nz/wp-content/uploads/20150413_114600.jpg]
[www.aura.org.nz/wp-content/uploads/20150413_114600-1024x576.jpg]
[www.aura.org.nz/wp-content/uploads/20150413_121405.jpg]
[www.aura.org.nz/wp-content/uploads/20150413_121405-1024x576.jpg]
[www.aura.org.nz/wp-content/uploads/20150414_201145.jpg]
[www.aura.org.nz/wp-content/uploads/20150414_201145-1024x576.jpg]
[www.aura.org.nz/wp-content/uploads/20150414_124305.jpg]
[www.aura.org.nz/wp-content/uploads/20150414_124305-1024x576.jpg]
[www.aura.org.nz/wp-content/uploads/20150416_114003.jpg]
[www.aura.org.nz/wp-content/uploads/20150416_114003-1024x576.jpg]
[www.aura.org.nz/wp-content/uploads/20150415_150447.jpg]
[www.aura.org.nz/wp-content/uploads/20150415_150447-1024x576.jpg]
[www.aura.org.nz/wp-content/uploads/20150417_173112.jpg]
[www.aura.org.nz/wp-content/uploads/20150417_173112-1024x576.jpg]
[www.aura.org.nz/wp-content/uploads/20150416_094425.jpg]
[www.aura.org.nz/wp-content/uploads/20150416_094425-1024x576.jpg]
[aura.org.nz/auras-trip-to-worlds-in-kentucky/index.html]
[aura.org.nz/auras-2015-vex-u-reveal-video/feed/index.html]
[aura.org.nz/wp-json/oembed/1.0/embed4380.json]
[aura.org.nz/wp-json/oembed/1.0/embed423c]
[aura.org.nz/auras-2015-vex-u-reveal-video/index.html]
[aura.org.nz/how-to-do-a-good-turn/feed/index.html]
[aura.org.nz/wp-json/oembed/1.0/embedd847.json]
[aura.org.nz/wp-json/oembed/1.0/embedb5dc]
[aura.org.nz/how-to-do-a-good-turn/index.html]
[aura.org.nz/index6c3c.html]
[aura.org.nz/indexe31a.html]
[aura.org.nz/indexd666.html]
[aura.org.nz/index0295.html]
[aura.org.nz/index16be.html]
[aura.org.nz/index3c3f.html]
[aura.org.nz/index6934.html]
[aura.org.nz/blog/page/4/index.html]
[www.aura.org.nz/wp-content/uploads/2015/03/16717321429_88e69130ac_z.jpg]
[aura.org.nz/blog/page/5/index.html]
[aura.org.nz/worlds-timetable-for-spectators-in-nz/feed/index.html]
[aura.org.nz/wp-json/oembed/1.0/embed568a.json]
[aura.org.nz/wp-json/oembed/1.0/embed5c30]
[aura.org.nz/worlds-timetable-for-spectators-in-nz/index.html]
[aura.org.nz/auras-2015-educational-video-contest-submission/feed/index.html]
[aura.org.nz/wp-json/oembed/1.0/embed700f.json]
[aura.org.nz/wp-json/oembed/1.0/embedff6a]
[aura.org.nz/auras-2015-educational-video-contest-submission/index.html]
[www.aura.org.nz/wp-content/uploads/2014/07/scrim-2-blog-post-picture-e1405686719936.jpg]
[aura.org.nz/second-auckland-ladder-scrimmage-5-july/feed/index.html]
[aura.org.nz/wp-json/oembed/1.0/embedcce5.json]
[aura.org.nz/wp-json/oembed/1.0/embed5912]
[www.aura.org.nz/wp-content/uploads/2014/07/scrim-2-blog-post-picture.jpg]
[www.aura.org.nz/wp-content/uploads/2014/07/scrim1bawm.png]
[www.aura.org.nz/wp-content/uploads/2014/07/scrim2bawm.png]
[aura.org.nz/second-auckland-ladder-scrimmage-5-july/index.html]
[www.aura.org.nz/wp-content/uploads/2014/06/20140607_144146-e1402193311681.jpg]
[aura.org.nz/wp-json/oembed/1.0/embed6eb9.json]
[aura.org.nz/first-auckland-ladder-scrimmage/feed/index.html]
[aura.org.nz/wp-json/oembed/1.0/embed13d6]
[www.aura.org.nz/wp-content/uploads/2014/06/20140607_144146.jpg]
[www.aura.org.nz/wp-content/uploads/2014/06/IMG_20140607_145420.jpg]
[www.aura.org.nz/wp-content/uploads/2014/06/IMG_20140607_145420-e1402191678564.jpg]
[aura.org.nz/first-auckland-ladder-scrimmage/index.html]
[www.aura.org.nz/wp-content/uploads/2014/06/TTT-field-cad.jpg]
[aura.org.nz/kiwi-challenge-auckland-regionals/feed/index.html]
[aura.org.nz/wp-json/oembed/1.0/embed0da2.json]
[aura.org.nz/wp-json/oembed/1.0/embed29ca]
[aura.org.nz/kiwi-challenge-auckland-regionals/index.html]
[www.aura.org.nz/wp-content/uploads/2014/05/autbots1-e1401104517700.jpg]
[aura.org.nz/wp-json/oembed/1.0/embed9fe6.json]
[aura.org.nz/aura-vs-aut-newbie-challenge/feed/index.html]
[aura.org.nz/wp-json/oembed/1.0/embed7772]
[www.aura.org.nz/wp-content/uploads/2014/05/autbots1.jpg]
[www.aura.org.nz/wp-content/uploads/2014/05/autbots2.jpg]
[www.aura.org.nz/wp-content/uploads/2014/05/autbots2-e1401104982645.jpg]
[aura.org.nz/aura-vs-aut-newbie-challenge/index.html]
[www.aura.org.nz/wp-content/uploads/2014/05/kc-scrim-3-e1401103334125.jpg]
[aura.org.nz/kiwi-challenge-scrimmage-at-kristin-school/feed/index.html]
[aura.org.nz/wp-json/oembed/1.0/embeda099.json]
[aura.org.nz/wp-json/oembed/1.0/embed79d7]
[www.aura.org.nz/wp-content/uploads/2014/05/kc-scrim-3.jpg]
[aura.org.nz/kiwi-challenge-scrimmage-at-kristin-school/index.html]
[www.aura.org.nz/wp-content/uploads/2014/05/kc-scrim-2-e1401102834644.jpg]
[aura.org.nz/kiwi-challenge-scrimmage-at-long-bay-college/feed/index.html]
[aura.org.nz/wp-json/oembed/1.0/embed8bd6.json]
[aura.org.nz/wp-json/oembed/1.0/embed3715]
[www.aura.org.nz/wp-content/uploads/2014/05/kc-scrim-2.jpg]
[www.kiwibots.co.nz/KIWICHALLENGEFILEs/tic-tac-topple_release2-hl.102.delayed]
[aura.org.nz/kiwi-challenge-scrimmage-at-long-bay-college/index.html]
[puu.sh/8yyYF.103.delayed]
[aura.org.nz/toss-up-worlds-viewing/feed/index.html]
[aura.org.nz/wp-json/oembed/1.0/embed69a1.json]
[aura.org.nz/wp-json/oembed/1.0/embed5b13]
[www.toughpenguin.com/pictures/cutepenguinwalking.jpg]
[aura.org.nz/toss-up-worlds-viewing/index.html]
[aura.org.nz/aura-featured-in-craccum/feed/index.html]
[aura.org.nz/wp-json/oembed/1.0/embedf67b.json]
[aura.org.nz/wp-json/oembed/1.0/embed7b5e]
[aura.org.nz/aura-featured-in-craccum/index.html]
[aura.org.nz/blog/page/10/index.html]
[aura.org.nz/close-up-bravo-v1-0/feed/index.html]
[aura.org.nz/wp-json/oembed/1.0/embedf35b.json]
[aura.org.nz/wp-json/oembed/1.0/embeddb9b]
[aura.org.nz/close-up-bravo-v1-0/index.html]
[aura.org.nz/team-update/feed/index.html]
[aura.org.nz/wp-json/oembed/1.0/embed144d.json]
[aura.org.nz/wp-json/oembed/1.0/embed13d4]
[aura.org.nz/team-update/index.html]
[aura.org.nz/end-of-january-update/feed/index.html]
[aura.org.nz/wp-json/oembed/1.0/embed797f.json]
[aura.org.nz/wp-json/oembed/1.0/embed129c]
[aura.org.nz/end-of-january-update/index.html]
[aura.org.nz/build-session-photos/feed/index.html]
[aura.org.nz/wp-json/oembed/1.0/embed7546.json]
[aura.org.nz/wp-json/oembed/1.0/embedbe82]
[aura.org.nz/build-session-photos/index.html]
[aura.org.nz/kristin-invitational-112010-results/feed/index.html]
[aura.org.nz/wp-json/oembed/1.0/embed0802.json]
[aura.org.nz/wp-json/oembed/1.0/embed68df]
[aura.org.nz/wp-content/uploads/2010/11/Kristin-Invitational-Results.zip]
[aura.org.nz/kristin-invitational-112010-results/index.html]
[aura.org.nz/competitive-position-report/feed/index.html]
[aura.org.nz/wp-json/oembed/1.0/embed0dae.json]
[aura.org.nz/wp-json/oembed/1.0/embed216e]
[aura.org.nz/competitive-position-report/index.html]
[www.aura.org.nz/wp-content/uploads/2010/12/IMG_7498-300x225.jpg]
[aura.org.nz/upper-north-island-regionals/feed/index.html]
[aura.org.nz/wp-json/oembed/1.0/embeda9e0.json]
[aura.org.nz/wp-json/oembed/1.0/embed79ed]
[www.aura.org.nz/wp-content/uploads/2010/12/IMG_7498.jpg]
[aura.org.nz/upper-north-island-regionals/index.html]
[aura.org.nz/kristin-invitational-scrimmage/feed/index.html]
[aura.org.nz/wp-json/oembed/1.0/embed39b5.json]
[aura.org.nz/wp-json/oembed/1.0/embeda21f]
[aura.org.nz/media]
[aura.org.nz/kristin-invitational-scrimmage/index.html]
[aura.org.nz/blog/page/9/index.html]
[aura.org.nz/wp-content/plugins/ninja-forms/assets/fonts/fontawesome-webfont3295.svg]
[aura.org.nz/blog/page/8/index.html]
[aura.org.nz/nz-nationals-2013/feed/index.html]
[aura.org.nz/wp-json/oembed/1.0/embedada2.json]
[aura.org.nz/wp-json/oembed/1.0/embed80fd]
[aura.org.nz/nz-nationals-2013/index.html]
[aura.org.nz/chairpersons-report-2012-agm/feed/index.html]
[aura.org.nz/wp-json/oembed/1.0/embed3e00.json]
[aura.org.nz/wp-json/oembed/1.0/embedc922]
[aura.org.nz/chairpersons-report-2012-agm/index.html]
[aura.org.nz/first-lego-league-fll-nationals-2012/feed/index.html]
[aura.org.nz/wp-json/oembed/1.0/embedc51b.json]
[aura.org.nz/wp-json/oembed/1.0/embede49f]
[aura.org.nz/first-lego-league-fll-nationals-2012/index.html]
[aura.org.nz/head-referees-feedback-from-asia-pacific-2012/feed/index.html]
[aura.org.nz/wp-json/oembed/1.0/embed0062.json]
[aura.org.nz/wp-json/oembed/1.0/embedfe4f]
[dl.dropbox.com/u/64849289/Asia Pacific 2012 - Comments from Head Ref.134.delayed]
[aura.org.nz/head-referees-feedback-from-asia-pacific-2012/index.html]
[aura.org.nz/smc-pneumatics-college-scrimmage-dec-2012/feed/index.html]
[aura.org.nz/wp-json/oembed/1.0/embedced7.json]
[aura.org.nz/wp-json/oembed/1.0/embed14d1]
[aura.org.nz/smc-pneumatics-college-scrimmage-dec-2012/index.html]
[farm9.staticflickr.com/8479/8213030510_9d90963223_c.jpg]
[aura.org.nz/robonz-nov-2012/feed/index.html]
[aura.org.nz/wp-json/oembed/1.0/embed7364.json]
[aura.org.nz/wp-json/oembed/1.0/embedf4d5]
[aura.org.nz/robonz-nov-2012/index.html]
[aura.org.nz/big-boys-toys-scrimmages/feed/index.html]
[aura.org.nz/wp-json/oembed/1.0/embed0a33.json]
[aura.org.nz/wp-json/oembed/1.0/embeda3f9]
[aura.org.nz/big-boys-toys-scrimmages/index.html]
[aura.org.nz/first-tech-challenge-ftc-pilot/feed/index.html]
[aura.org.nz/wp-json/oembed/1.0/embed00aa.json]
[aura.org.nz/wp-json/oembed/1.0/embed3084]
[aura.org.nz/first-tech-challenge-ftc-pilot/index.html]
[aura.org.nz/august-sack-attack-scrimmage/feed/index.html]
[aura.org.nz/wp-json/oembed/1.0/embedd0ad.json]
[aura.org.nz/wp-json/oembed/1.0/embed9326]
[aura.org.nz/august-sack-attack-scrimmage/index.html]
[aura.org.nz/aura-quiz-night-fundraiser/feed/index.html]
[aura.org.nz/wp-json/oembed/1.0/embed4a3f.json]
[aura.org.nz/wp-json/oembed/1.0/embedcecf]
[aura.org.nz/aura-quiz-night-fundraiser/index.html]
[aura.org.nz/july-sack-attack-scrimmage/feed/index.html]
[aura.org.nz/wp-json/oembed/1.0/embedaa6e.json]
[aura.org.nz/wp-json/oembed/1.0/embede14f]
[aura.org.nz/july-sack-attack-scrimmage/index.html]
[aura.org.nz/rookie-workshops/feed/index.html]
[aura.org.nz/wp-json/oembed/1.0/embed9a7c.json]
[aura.org.nz/wp-json/oembed/1.0/embed4493]
[aura.org.nz/rookie-workshops/index.html]
[aura.org.nz/june-2012-first-lego-league-fll/feed/index.html]
[aura.org.nz/wp-json/oembed/1.0/embeddddd.json]
[aura.org.nz/wp-json/oembed/1.0/embed1c88]
[aura.org.nz/june-2012-first-lego-league-fll/index.html]
[www.aura.org.nz/wp-content/uploads/2012/06/workshops.png]
[aura.org.nz/workshop-information-at-university-of-auckland/feed/index.html]
[aura.org.nz/wp-json/oembed/1.0/embed10be.json]
[aura.org.nz/wp-json/oembed/1.0/embeddf4a]
[aura.org.nz/workshop-information-at-university-of-auckland/index.html]
[aura.org.nz/june-sack-attack-scrimmage/feed/index.html]
[aura.org.nz/wp-json/oembed/1.0/embed1145.json]
[aura.org.nz/wp-json/oembed/1.0/embed7ad8]
[aura.org.nz/june-sack-attack-scrimmage/index.html]
[farm8.staticflickr.com/7244/7292240372_d193cb4b7c.jpg]
[aura.org.nz/aura-workshops-2/feed/index.html]
[aura.org.nz/wp-json/oembed/1.0/embed26d4.json]
[aura.org.nz/wp-json/oembed/1.0/embedb9df]
[aura.org.nz/aura-workshops-2/index.html]
[aura.org.nz/shifting-x-drive/feed/index.html]
[aura.org.nz/wp-json/oembed/1.0/embed1a71.json]
[aura.org.nz/wp-json/oembed/1.0/embedaaeb]
[aura.org.nz/shifting-x-drive/index.html]
[www.aura.org.nz/wp-content/uploads/2012/05/xdrivepic1.png]
[aura.org.nz/why-is-x-drive-faster/feed/index.html]
[aura.org.nz/wp-json/oembed/1.0/embedfcba.json]
[aura.org.nz/wp-json/oembed/1.0/embeddb8b]
[www.aura.org.nz/wp-content/uploads/2012/05/xdrive2.png]
[aura.org.nz/why-is-x-drive-faster/index.html]
[www.aura.org.nz/wp-content/uploads/2012/05/2012-World-Champs-Photo1.jpg]
[aura.org.nz/world-champs-press-release/feed/index.html]
[aura.org.nz/wp-json/oembed/1.0/embed066c.json]
[aura.org.nz/wp-json/oembed/1.0/embed013b]
[aura.org.nz/world-champs-press-release/index.html]
[farm8.staticflickr.com/7065/7047025175_fe1b3d44b1_z.jpg]
[aura.org.nz/a-wild-double-cheese-appears/feed/index.html]
[aura.org.nz/wp-json/oembed/1.0/embed0c02.json]
[aura.org.nz/wp-json/oembed/1.0/embed2e2e]
[aura.org.nz/a-wild-double-cheese-appears/index.html]
[farm8.staticflickr.com/7210/6913336630_a15af995c3_z.jpg]
[aura.org.nz/a-wild-dragon-appears/feed/index.html]
[aura.org.nz/wp-json/oembed/1.0/embed9871.json]
[aura.org.nz/wp-json/oembed/1.0/embedb0b2]
[aura.org.nz/a-wild-dragon-appears/index.html]
[farm8.staticflickr.com/7099/6900928462_a55862f555_z.jpg]
[aura.org.nz/a-wild-woodpecker-appears/feed/index.html]
[aura.org.nz/wp-json/oembed/1.0/embed540d.json]
[aura.org.nz/wp-json/oembed/1.0/embed0d05]
[aura.org.nz/a-wild-woodpecker-appears/index.html]
[farm8.staticflickr.com/7277/7047026823_f68aa5e863_z.jpg]
[aura.org.nz/a-wild-quetzalcoatlus-appears/feed/index.html]
[aura.org.nz/wp-json/oembed/1.0/embed0e80.json]
[aura.org.nz/wp-json/oembed/1.0/embedcee8]
[aura.org.nz/a-wild-quetzalcoatlus-appears/index.html]
[aura.org.nz/world-champs-results/feed/index.html]
[aura.org.nz/wp-json/oembed/1.0/embedd720.json]
[aura.org.nz/wp-json/oembed/1.0/embed39e4]
[aura.org.nz/world-champs-results/index.html]
[aura.org.nz/vexforum-nametag-generator/feed/index.html]
[aura.org.nz/wp-json/oembed/1.0/embedbe8e.json]
[aura.org.nz/wp-json/oembed/1.0/embed968b]
[aura.org.nz/vexforum-nametag-generator/index.html]
[aura.org.nz/java-cad/feed/index.html]
[aura.org.nz/wp-json/oembed/1.0/embedc59b.json]
[aura.org.nz/wp-json/oembed/1.0/embed4927]
[puu.sh/kj0K.187.delayed]
[aura.org.nz/java-cad/index.html]
[aura.org.nz/nz-nationals-final-day/feed/index.html]
[aura.org.nz/wp-json/oembed/1.0/embeda8ed.json]
[aura.org.nz/wp-json/oembed/1.0/embed04a7]
[aura.org.nz/nz-nationals-final-day/index.html]
[aura.org.nz/nz-nationals-day-one/feed/index.html]
[aura.org.nz/wp-json/oembed/1.0/embedc1b7.json]
[aura.org.nz/wp-json/oembed/1.0/embed49af]
[aura.org.nz/nz-nationals-day-one/index.html]
[farm8.staticflickr.com/7057/6945758827_ec5dc7de68_z.jpg]
[aura.org.nz/autodesk-inventor-digital-prototyping-challenge-winners/feed/index.html]
[aura.org.nz/wp-json/oembed/1.0/embeda9c1.json]
[aura.org.nz/wp-json/oembed/1.0/embeda80f]
[aura.org.nz/autodesk-inventor-digital-prototyping-challenge-winners/index.html]
[farm8.staticflickr.com/7195/6925207395_3db956f1de.jpg]
[aura.org.nz/uoa-engineering-orientation/feed/index.html]
[aura.org.nz/wp-json/oembed/1.0/embed3dce.json]
[aura.org.nz/wp-json/oembed/1.0/embedee1f]
[aura.org.nz/uoa-engineering-orientation/index.html]
[aura.org.nz/pinehurst-sports-expo/feed/index.html]
[aura.org.nz/wp-json/oembed/1.0/embed79a8.json]
[aura.org.nz/wp-json/oembed/1.0/embed2873]
[aura.org.nz/pinehurst-sports-expo/index.html]
[aura.org.nz/first-lego-league-fll/feed/index.html]
[aura.org.nz/wp-json/oembed/1.0/embed8e7e.json]
[aura.org.nz/wp-json/oembed/1.0/embed2923]
[aura.org.nz/first-lego-league-fll/index.html]
[aura.org.nz/december-aura-scrimmage/feed/index.html]
[aura.org.nz/wp-json/oembed/1.0/embedfacf.json]
[aura.org.nz/wp-json/oembed/1.0/embede06b]
[www.vexforum.com/attachment.1a223b4.delayed]
[aura.org.nz/december-aura-scrimmage/index.html]
[aura.org.nz/android-gateway-scoring-app/feed/index.html]
[aura.org.nz/wp-json/oembed/1.0/embed9b6b.json]
[aura.org.nz/wp-json/oembed/1.0/embedbe19]
[aura.org.nz/android-gateway-scoring-app/index.html]
[aura.org.nz/2011/10/page/2/index.html]
[aura.org.nz/robot-world-cup-day-two/index.html]
[aura.org.nz/robot-world-cup-day-one/index.html]
[aura.org.nz/october-pinehurst-scrimmage/index.html]
[aura.org.nz/chairpersons-report-2011-agm/feed/index.html]
[aura.org.nz/wp-json/oembed/1.0/embed0539.json]
[aura.org.nz/wp-json/oembed/1.0/embed7ff7]
[aura.org.nz/chairpersons-report-2011-agm/index.html]
[farm7.static.flickr.com/6101/6270968829_a663eda964_o.jpg]
[aura.org.nz/chain-lift/feed/index.html]
[aura.org.nz/wp-json/oembed/1.0/embedeb56.json]
[aura.org.nz/wp-json/oembed/1.0/embedd567]
[farm7.static.flickr.com/6058/6270968875_bd43b44473.jpg]
[farm7.static.flickr.com/6232/6271528464_97949ff0e7.jpg]
[farm7.static.flickr.com/6238/6270968475_e36ef5a6be.jpg]
[farm7.static.flickr.com/6106/6271494654_76e3810c3f.jpg]
[farm7.static.flickr.com/6240/6271494054_ee83cc155e_o.jpg]
[aura.org.nz/chain-lift/index.html]
[aura.org.nz/introduction-to-python/feed/index.html]
[aura.org.nz/wp-json/oembed/1.0/embed7fec.json]
[aura.org.nz/wp-json/oembed/1.0/embedc412]
[aura.org.nz/introduction-to-python/index.html]
[aura.org.nz/introduction-to-skillbot/feed/index.html]
[aura.org.nz/wp-json/oembed/1.0/embedc85c.json]
[aura.org.nz/wp-json/oembed/1.0/embedf98a]
[aura.org.nz/introduction-to-skillbot/index.html]
[aura.org.nz/introduction-to-arthritis/feed/index.html]
[aura.org.nz/wp-json/oembed/1.0/embed9c16.json]
[aura.org.nz/wp-json/oembed/1.0/embedbe08]
[aura.org.nz/introduction-to-arthritis/index.html]
[aura.org.nz/introduction-to-matlab/feed/index.html]
[aura.org.nz/wp-json/oembed/1.0/embedcd1a.json]
[aura.org.nz/wp-json/oembed/1.0/embedc872]
[aura.org.nz/introduction-to-matlab/index.html]
[aura.org.nz/introduction-to-assembly/feed/index.html]
[aura.org.nz/wp-json/oembed/1.0/embedf334.json]
[aura.org.nz/wp-json/oembed/1.0/embede619]
[aura.org.nz/introduction-to-assembly/index.html]
[aura.org.nz/photos-from-the-robot-world-cup/feed/index.html]
[aura.org.nz/wp-json/oembed/1.0/embed3dc4.json]
[aura.org.nz/wp-json/oembed/1.0/embedfe2d]
[aura.org.nz/photos-from-the-robot-world-cup/index.html]
[aura.org.nz/introduction-to-java/feed/index.html]
[aura.org.nz/wp-json/oembed/1.0/embedc5d4.json]
[aura.org.nz/wp-json/oembed/1.0/embede5b9]
[aura.org.nz/introduction-to-java/index.html]
[i.imgur.com/wvVdv.jpg]
[aura.org.nz/robot-world-cup-final-day/feed/index.html]
[aura.org.nz/wp-json/oembed/1.0/embedd897.json]
[aura.org.nz/wp-json/oembed/1.0/embed47bc]
[aura.org.nz/robot-world-cup-final-day/index.html]
[farm7.static.flickr.com/6058/6262708616_0d9122d908_o.jpg]
[aura.org.nz/september-rosmini-gateway-scrimmage/feed/index.html]
[aura.org.nz/wp-json/oembed/1.0/embed9a2d.json]
[aura.org.nz/wp-json/oembed/1.0/embed6971]
[aura.org.nz/september-rosmini-gateway-scrimmage/index.html]
[www.aura.org.nz/wp-content/uploads/2011/06/unofficial-scoring-300x137.png]
[aura.org.nz/aura-quiz-glenfield-college/feed/index.html]
[aura.org.nz/wp-json/oembed/1.0/embed05ea.json]
[aura.org.nz/wp-json/oembed/1.0/embed7647]
[www.aura.org.nz/wp-content/uploads/2011/06/unofficial-scoring.png]
[aura.org.nz/aura-quiz-glenfield-college/index.html]
[i.imgur.com/TShED.jpg]
[aura.org.nz/first-gateway-scrimmage-2011/feed/index.html]
[aura.org.nz/wp-json/oembed/1.0/embed7d3e.json]
[aura.org.nz/wp-json/oembed/1.0/embed3dc4]
[aura.org.nz/first-gateway-scrimmage-2011/index.html]
[www.aura.org.nz/wp-content/uploads/2011/07/fourbarup.png]
[aura.org.nz/six-bar-linkages/feed/index.html]
[aura.org.nz/wp-json/oembed/1.0/embedf7a3.json]
[aura.org.nz/wp-json/oembed/1.0/embedd9de]
[www.aura.org.nz/wp-content/uploads/2011/07/sixbar.png]
[www.aura.org.nz/wp-content/uploads/2011/07/sixbarAURA-300x223.png]
[aura.org.nz/six-bar-linkages/index.html]
[www.aura.org.nz/wp-content/uploads/2011/05/240471_1882983601755_1456308554_31980775_6440000_o-300x225.jpg]
[aura.org.nz/conclusion-of-aura-workshops/feed/index.html]
[aura.org.nz/wp-json/oembed/1.0/embed0779.json]
[aura.org.nz/wp-json/oembed/1.0/embed4508]
[www.aura.org.nz/wp-content/uploads/2011/05/240471_1882983601755_1456308554_31980775_6440000_o.jpg]
[aura.org.nz/conclusion-of-aura-workshops/index.html]
[aura.org.nz/fush-and-chups/feed/index.html]
[aura.org.nz/wp-json/oembed/1.0/embed45b4.json]
[aura.org.nz/wp-json/oembed/1.0/embed58d4]
[aura.org.nz/fush-and-chups/index.html]
[aura.org.nz/aura-workshops/feed/index.html]
[aura.org.nz/wp-json/oembed/1.0/embedf993.json]
[aura.org.nz/wp-json/oembed/1.0/embedf6d8]
[aura.org.nz/aura-workshops/index.html]
[aura.org.nz/clips-from-world-championships/feed/index.html]
[aura.org.nz/wp-json/oembed/1.0/embedf7cf.json]
[aura.org.nz/wp-json/oembed/1.0/embed46ca]
[aura.org.nz/clips-from-world-championships/index.html]
[aura.org.nz/public-media-coverage/feed/index.html]
[aura.org.nz/wp-json/oembed/1.0/embed2eaa.json]
[aura.org.nz/wp-json/oembed/1.0/embed6459]
[www.aura.org.nz/wp-content/uploads/2011/04/centralleader.png]
[aura.org.nz/public-media-coverage/index.html]
[www.aura.org.nz/wp-content/uploads/2011/04/AURA-World-Champs.jpg]
[aura.org.nz/wp-json/oembed/1.0/embed19bc.json]
[aura.org.nz/world-championships-final-update/feed/index.html]
[aura.org.nz/wp-json/oembed/1.0/embed94d6]
[aura.org.nz/world-championships-final-update/index.html]
[aura.org.nz/world-championships-day-two/feed/index.html]
[aura.org.nz/wp-json/oembed/1.0/embedcc7d.json]
[aura.org.nz/wp-json/oembed/1.0/embed0594]
[aura.org.nz/world-championships-day-two/index.html]
[aura.org.nz/world-championships-first-day-update/feed/index.html]
[aura.org.nz/wp-json/oembed/1.0/embed30e9.json]
[aura.org.nz/wp-json/oembed/1.0/embed549b]
[aura.org.nz/world-championships-first-day-update/index.html]
[aura.org.nz/wp-json/oembed/1.0/embed8b01.json]
[aura.org.nz/getting-ready-for-worlds/feed/index.html]
[aura.org.nz/wp-json/oembed/1.0/embed14c6]
[aura.org.nz/getting-ready-for-worlds/index.html]
[aura.org.nz/2011-worlds-re-reveal/feed/index.html]
[aura.org.nz/wp-json/oembed/1.0/embed4cea.json]
[aura.org.nz/wp-json/oembed/1.0/embedd02b]
[aura.org.nz/2011-worlds-re-reveal/index.html]
[aura.org.nz/worlds-reveal-3/feed/index.html]
[aura.org.nz/wp-json/oembed/1.0/embed62f0.json]
[aura.org.nz/wp-json/oembed/1.0/embedecba]
[aura.org.nz/worlds-reveal-3/index.html]
[aura.org.nz/new-zealand-nationals/feed/index.html]
[aura.org.nz/wp-json/oembed/1.0/embeda014.json]
[aura.org.nz/wp-json/oembed/1.0/embed4eed]
[aura.org.nz/new-zealand-nationals/index.html]
[aura.org.nz/strategydesign-session/feed/index.html]
[aura.org.nz/wp-json/oembed/1.0/embedcf46.json]
[aura.org.nz/wp-json/oembed/1.0/embed4fd0]
[aura.org.nz/strategydesign-session/index.html]
[aura.org.nz/bravo-and-zulu-update/feed/index.html]
[aura.org.nz/wp-json/oembed/1.0/embed509a.json]
[aura.org.nz/wp-json/oembed/1.0/embedff3f]
[aura.org.nz/bravo-and-zulu-update/index.html]
[aura.org.nz/2nd-kristin-invitational-scrimmage/feed/index.html]
[aura.org.nz/wp-json/oembed/1.0/embeda587.json]
[aura.org.nz/wp-json/oembed/1.0/embed4822]
[www.vexforum.com/attachment.2135ed6.delayed]
[aura.org.nz/2nd-kristin-invitational-scrimmage/index.html]
[farm6.static.flickr.com/5178/5417517523_baa7277a0e_z.jpg]
[aura.org.nz/testbot/feed/index.html]
[aura.org.nz/wp-json/oembed/1.0/embedac9a.json]
[aura.org.nz/wp-json/oembed/1.0/embed3086]
[aura.org.nz/testbot/index.html]
[aura.org.nz/computer-aided-design/feed/index.html]
[aura.org.nz/wp-json/oembed/1.0/embedc05f.json]
[aura.org.nz/wp-json/oembed/1.0/embed54df]
[aura.org.nz/computer-aided-design/index.html]
[aura.org.nz/meeting-minutes-archive/feed/index.html]
[aura.org.nz/wp-json/oembed/1.0/embed4ec7.json]
[aura.org.nz/wp-json/oembed/1.0/embeda226]
[aura.org.nz/wp-content/uploads/2011/11/15112011ExecMinutes.pdf]
[aura.org.nz/wp-content/uploads/2011/10/AURA-AGM-Minutes-2011-2012.pdf]
[aura.org.nz/wp-content/uploads/2011/10/28082011ExecMinutes.pdf]
[aura.org.nz/wp-content/uploads/2011/06/30062011SGMMinutes.pdf]
[aura.org.nz/wp-content/uploads/2011/06/30062011ExecMinutes.pdf]
[aura.org.nz/wp-content/uploads/2011/05/050511ExecMinutes.pdf]
[aura.org.nz/wp-content/uploads/2011/02/SGM1602Minutes.pdf]
[aura.org.nz/wp-content/uploads/2011/02/102ExecMeetingMinutes.pdf]
[aura.org.nz/wp-content/uploads/2011/02/2801GeneralMeetingMinutes.pdf]
[aura.org.nz/wp-content/uploads/2011/02/2801ExecMinutes.pdf]
[aura.org.nz/wp-content/uploads/2011/01/AGM05012011.pdf]
[aura.org.nz/meeting-minutes-archive/index.html]
[aura.org.nz/rotary-science-forum/feed/index.html]
[aura.org.nz/wp-json/oembed/1.0/embed6386.json]
[aura.org.nz/wp-json/oembed/1.0/embed6c23]
[aura.org.nz/rotary-science-forum/index.html]
[www.vexrobotics.com/media/wysiwyg/FullField-Crop.png]
[aura.org.nz/index67c0.html]
[aura.org.nz/index0f58.html]
[aura.org.nz/index149e.html]
[aura.org.nz/index2ac4.html]
[aura.org.nz/indexefbe.html]
[aura.org.nz/index0c06.html]
[aura.org.nz/index5976.html]
[aura.org.nz/index628b.html]
[aura.org.nz/indexff17.html]
[aura.org.nz/indexa107.html]
[aura.org.nz/blog/page/5/index.html]
[aura.org.nz/indexa6f0.html]
[aura.org.nz/index230e.html]
[aura.org.nz/index9eff.html]
[aura.org.nz/index68ab.html]
[aura.org.nz/indexd9ef.html]
[aura.org.nz/indexb823.html]
[aura.org.nz/indexbdb3.html]
[aura.org.nz/index2582.html]
[www.kiwibots.co.nz/KIWICHALLENGEFILEs/tic-tac-topple_release2-hl.html]
[puu.sh/8yyYF.html]
[aura.org.nz/indexfd2c.html]
[aura.org.nz/index00ab.html]
[aura.org.nz/indexc094.html]
[aura.org.nz/indexeb91.html]
[aura.org.nz/index5721.html]
[aura.org.nz/index9e8b.html]
[aura.org.nz/index48fd.html]
[aura.org.nz/indexa828.html]
[aura.org.nz/index5070.html]
[aura.org.nz/index5eda.html]
[aura.org.nz/media.html]
[aura.org.nz/blog/page/8/index.html]
[aura.org.nz/index1913.html]
[aura.org.nz/index5708.html]
[aura.org.nz/index9f30.html]
[aura.org.nz/indexa5f9.html]
[dl.dropbox.com/u/64849289/Asia Pacific 2012 - Comments from Head Ref.html]
[aura.org.nz/index2b78.html]
[aura.org.nz/indexa60b.html]
[aura.org.nz/indexb849.html]
[aura.org.nz/indexbe7c.html]
[aura.org.nz/index0959.html]
[aura.org.nz/index9aa6.html]
[aura.org.nz/index1b15.html]
[aura.org.nz/index3195.html]
[aura.org.nz/indexaffb.html]
[aura.org.nz/index18c0.html]
[aura.org.nz/index2f10.html]
[aura.org.nz/index8b53.html]
[aura.org.nz/index03d6.html]
[aura.org.nz/index2169.html]
[aura.org.nz/indexaae7.html]
[aura.org.nz/indexc9bc.html]
[aura.org.nz/index820a.html]
[aura.org.nz/index576e.html]
[aura.org.nz/indexe1d7.html]
[aura.org.nz/index3e52.html]
[aura.org.nz/index994c.html]
[aura.org.nz/index0314.html]
[aura.org.nz/blog/page/6/index.html]
[aura.org.nz/blog/page/7/index.html]
[puu.sh/kj0K.html]
[aura.org.nz/indexc90a.html]
[aura.org.nz/index2f6c.html]
[aura.org.nz/index4413.html]
[aura.org.nz/index98bd.html]
[aura.org.nz/indexce64.html]
[aura.org.nz/index6cfe.html]
[aura.org.nz/index504e.html]
[www.vexforum.com/attachment23b4.html]
[aura.org.nz/index59fe.html]
[i.imgur.com/B6qq9.jpg]
[aura.org.nz/robot-world-cup-day-two/feed/index.html]
[aura.org.nz/wp-json/oembed/1.0/embed9ceb.json]
[aura.org.nz/wp-json/oembed/1.0/embed0fba]
[i.imgur.com/7Mo4r.jpg]
[i.imgur.com/V5GQd.jpg]
[i.imgur.com/NVg8W.jpg]
[aura.org.nz/robot-world-cup-day-two/index.html]
[www.aura.org.nz/wp-content/uploads/2011/10/IMG_6008-200x300.jpg]
[aura.org.nz/robot-world-cup-day-one/feed/index.html]
[aura.org.nz/wp-json/oembed/1.0/embedd354.json]
[aura.org.nz/wp-json/oembed/1.0/embede450]
[www.aura.org.nz/wp-content/uploads/2011/10/IMG_6008.jpg]
[www.aura.org.nz/wp-content/uploads/2011/10/IMG_6038.jpg]
[www.aura.org.nz/wp-content/uploads/2011/10/IMG_6038-300x200.jpg]
[aura.org.nz/robot-world-cup-day-one/index.html]
[aura.org.nz/october-pinehurst-scrimmage/feed/index.html]
[aura.org.nz/wp-json/oembed/1.0/embed3cfb.json]
[aura.org.nz/wp-json/oembed/1.0/embedf42a]
[aura.org.nz/october-pinehurst-scrimmage/index.html]
[aura.org.nz/index1bd8.html]
[aura.org.nz/index652e.html]
[aura.org.nz/indexf843.html]
[aura.org.nz/index6b6d.html]
[aura.org.nz/index9011.html]
[aura.org.nz/index2026.html]
[aura.org.nz/index974f.html]
[aura.org.nz/indexf065.html]
[aura.org.nz/index5f81.html]
[aura.org.nz/index94f9.html]
[aura.org.nz/indexd2e2.html]
[aura.org.nz/index77b4.html]
[aura.org.nz/index5723.html]
[aura.org.nz/indexaa11.html]
[aura.org.nz/indexa26f.html]
[aura.org.nz/index93f8.html]
[aura.org.nz/index0ced.html]
[aura.org.nz/index84df.html]
[aura.org.nz/index3a5c.html]
[aura.org.nz/index45ff.html]
[aura.org.nz/indexc9d1.html]
[aura.org.nz/index0971.html]
[aura.org.nz/index0d79.html]
[aura.org.nz/index6ca3.html]
[aura.org.nz/indexc37e.html]
[aura.org.nz/indexc508.html]
[aura.org.nz/indexcde3.html]
[aura.org.nz/index67bc.html]
[aura.org.nz/index03bd.html]
[www.vexforum.com/attachment5ed6.html]
[aura.org.nz/index73f4.html]
[aura.org.nz/indexcfe0.html]
[aura.org.nz/index9873.html]
[aura.org.nz/indexd027.html]
[aura.org.nz/blog/page/6/index.html]
[aura.org.nz/blog/page/7/index.html]
[aura.org.nz/index03b0.html]
[aura.org.nz/index76da.html]
[aura.org.nz/index12e9.html]
[cdn.cutestpaw.com/wp-content/uploads/2012/08/l-Penguin-pose.jpg]
